C:\Users\USER\Source\Repos\appointmentor\Appointed.Web\polyfills.js
C:\Users\USER\Source\Repos\appointmentor\Appointed.Web\polyfills.js.map
C:\Users\USER\Source\Repos\appointmentor\Appointed.Web\app\app.component.js
C:\Users\USER\Source\Repos\appointmentor\Appointed.Web\app\app.component.js.map
C:\Users\USER\Source\Repos\appointmentor\Appointed.Web\app\modules\home\home.component.js
C:\Users\USER\Source\Repos\appointmentor\Appointed.Web\app\modules\home\home.component.js.map
C:\Users\USER\Source\Repos\appointmentor\Appointed.Web\app\modules\products\product.js
C:\Users\USER\Source\Repos\appointmentor\Appointed.Web\app\modules\products\product.js.map
C:\Users\USER\Source\Repos\appointmentor\Appointed.Web\app\modules\products\product-data.js
C:\Users\USER\Source\Repos\appointmentor\Appointed.Web\app\modules\products\product-data.js.map
C:\Users\USER\Source\Repos\appointmentor\Appointed.Web\app\modules\products\product.service.js
C:\Users\USER\Source\Repos\appointmentor\Appointed.Web\app\modules\products\product.service.js.map
C:\Users\USER\Source\Repos\appointmentor\Appointed.Web\app\modules\products\product.component.js
C:\Users\USER\Source\Repos\appointmentor\Appointed.Web\app\modules\products\product.component.js.map
C:\Users\USER\Source\Repos\appointmentor\Appointed.Web\app\environments\environment.js
C:\Users\USER\Source\Repos\appointmentor\Appointed.Web\app\environments\environment.js.map
C:\Users\USER\Source\Repos\appointmentor\Appointed.Web\app\modules\user\user.service.js
C:\Users\USER\Source\Repos\appointmentor\Appointed.Web\app\modules\user\user.service.js.map
C:\Users\USER\Source\Repos\appointmentor\Appointed.Web\app\modules\user\user.js
C:\Users\USER\Source\Repos\appointmentor\Appointed.Web\app\modules\user\user.js.map
C:\Users\USER\Source\Repos\appointmentor\Appointed.Web\app\modules\user\user.component.js
C:\Users\USER\Source\Repos\appointmentor\Appointed.Web\app\modules\user\user.component.js.map
C:\Users\USER\Source\Repos\appointmentor\Appointed.Web\app\modules\user\accountsetup.component.js
C:\Users\USER\Source\Repos\appointmentor\Appointed.Web\app\modules\user\accountsetup.component.js.map
C:\Users\USER\Source\Repos\appointmentor\Appointed.Web\app\modules\useraccount\account.service.js
C:\Users\USER\Source\Repos\appointmentor\Appointed.Web\app\modules\useraccount\account.service.js.map
C:\Users\USER\Source\Repos\appointmentor\Appointed.Web\app\modules\openingtimes\openingtimes.service.js
C:\Users\USER\Source\Repos\appointmentor\Appointed.Web\app\modules\openingtimes\openingtimes.service.js.map
C:\Users\USER\Source\Repos\appointmentor\Appointed.Web\app\modules\openingtimes\openingtime.js
C:\Users\USER\Source\Repos\appointmentor\Appointed.Web\app\modules\openingtimes\openingtime.js.map
C:\Users\USER\Source\Repos\appointmentor\Appointed.Web\app\modules\openingtimes\openingtimes.component.js
C:\Users\USER\Source\Repos\appointmentor\Appointed.Web\app\modules\openingtimes\openingtimes.component.js.map
C:\Users\USER\Source\Repos\appointmentor\Appointed.Web\app\modules\resources\resources.service.js
C:\Users\USER\Source\Repos\appointmentor\Appointed.Web\app\modules\resources\resources.service.js.map
C:\Users\USER\Source\Repos\appointmentor\Appointed.Web\app\modules\resources\serviceresource.js
C:\Users\USER\Source\Repos\appointmentor\Appointed.Web\app\modules\resources\serviceresource.js.map
C:\Users\USER\Source\Repos\appointmentor\Appointed.Web\app\modules\services\service.js
C:\Users\USER\Source\Repos\appointmentor\Appointed.Web\app\modules\services\service.js.map
C:\Users\USER\Source\Repos\appointmentor\Appointed.Web\app\modules\resources\resource.js
C:\Users\USER\Source\Repos\appointmentor\Appointed.Web\app\modules\resources\resource.js.map
C:\Users\USER\Source\Repos\appointmentor\Appointed.Web\app\modules\resources\resources.component.js
C:\Users\USER\Source\Repos\appointmentor\Appointed.Web\app\modules\resources\resources.component.js.map
C:\Users\USER\Source\Repos\appointmentor\Appointed.Web\app\modules\services\services.service.js
C:\Users\USER\Source\Repos\appointmentor\Appointed.Web\app\modules\services\services.service.js.map
C:\Users\USER\Source\Repos\appointmentor\Appointed.Web\app\modules\services\services.component.js
C:\Users\USER\Source\Repos\appointmentor\Appointed.Web\app\modules\services\services.component.js.map
C:\Users\USER\Source\Repos\appointmentor\Appointed.Web\app\modules\dashboard\dashboard.service.js
C:\Users\USER\Source\Repos\appointmentor\Appointed.Web\app\modules\dashboard\dashboard.service.js.map
C:\Users\USER\Source\Repos\appointmentor\Appointed.Web\app\modules\dashboard\dashboard.component.js
C:\Users\USER\Source\Repos\appointmentor\Appointed.Web\app\modules\dashboard\dashboard.component.js.map
C:\Users\USER\Source\Repos\appointmentor\Appointed.Web\app\modules\login\login.service.js
C:\Users\USER\Source\Repos\appointmentor\Appointed.Web\app\modules\login\login.service.js.map
C:\Users\USER\Source\Repos\appointmentor\Appointed.Web\app\modules\login\login.js
C:\Users\USER\Source\Repos\appointmentor\Appointed.Web\app\modules\login\login.js.map
C:\Users\USER\Source\Repos\appointmentor\Appointed.Web\app\modules\login\login.component.js
C:\Users\USER\Source\Repos\appointmentor\Appointed.Web\app\modules\login\login.component.js.map
C:\Users\USER\Source\Repos\appointmentor\Appointed.Web\app\modules\forgot\forgot.service.js
C:\Users\USER\Source\Repos\appointmentor\Appointed.Web\app\modules\forgot\forgot.service.js.map
C:\Users\USER\Source\Repos\appointmentor\Appointed.Web\app\modules\forgot\forgot.component.js
C:\Users\USER\Source\Repos\appointmentor\Appointed.Web\app\modules\forgot\forgot.component.js.map
C:\Users\USER\Source\Repos\appointmentor\Appointed.Web\app\modules\reset\reset.service.js
C:\Users\USER\Source\Repos\appointmentor\Appointed.Web\app\modules\reset\reset.service.js.map
C:\Users\USER\Source\Repos\appointmentor\Appointed.Web\app\modules\reset\reset.component.js
C:\Users\USER\Source\Repos\appointmentor\Appointed.Web\app\modules\reset\reset.component.js.map
C:\Users\USER\Source\Repos\appointmentor\Appointed.Web\app\modules\logout\logout.component.js
C:\Users\USER\Source\Repos\appointmentor\Appointed.Web\app\modules\logout\logout.component.js.map
C:\Users\USER\Source\Repos\appointmentor\Appointed.Web\app\modules\customer\customer.service.js
C:\Users\USER\Source\Repos\appointmentor\Appointed.Web\app\modules\customer\customer.service.js.map
C:\Users\USER\Source\Repos\appointmentor\Appointed.Web\app\modules\customer\customer.js
C:\Users\USER\Source\Repos\appointmentor\Appointed.Web\app\modules\customer\customer.js.map
C:\Users\USER\Source\Repos\appointmentor\Appointed.Web\app\modules\customer\customer.component.js
C:\Users\USER\Source\Repos\appointmentor\Appointed.Web\app\modules\customer\customer.component.js.map
C:\Users\USER\Source\Repos\appointmentor\Appointed.Web\app\modules\appointment\appointment.service.js
C:\Users\USER\Source\Repos\appointmentor\Appointed.Web\app\modules\appointment\appointment.service.js.map
C:\Users\USER\Source\Repos\appointmentor\Appointed.Web\app\modules\appointment\weeklyday.js
C:\Users\USER\Source\Repos\appointmentor\Appointed.Web\app\modules\appointment\weeklyday.js.map
C:\Users\USER\Source\Repos\appointmentor\Appointed.Web\app\modules\appointment\appointment.component.js
C:\Users\USER\Source\Repos\appointmentor\Appointed.Web\app\modules\appointment\appointment.component.js.map
C:\Users\USER\Source\Repos\appointmentor\Appointed.Web\app\modules\useraccount\account.component.js
C:\Users\USER\Source\Repos\appointmentor\Appointed.Web\app\modules\useraccount\account.component.js.map
C:\Users\USER\Source\Repos\appointmentor\Appointed.Web\app\modules\task\task.service.js
C:\Users\USER\Source\Repos\appointmentor\Appointed.Web\app\modules\task\task.service.js.map
C:\Users\USER\Source\Repos\appointmentor\Appointed.Web\app\modules\task\task.js
C:\Users\USER\Source\Repos\appointmentor\Appointed.Web\app\modules\task\task.js.map
C:\Users\USER\Source\Repos\appointmentor\Appointed.Web\app\modules\task\task.component.js
C:\Users\USER\Source\Repos\appointmentor\Appointed.Web\app\modules\task\task.component.js.map
C:\Users\USER\Source\Repos\appointmentor\Appointed.Web\app\modules\asset\asset.service.js
C:\Users\USER\Source\Repos\appointmentor\Appointed.Web\app\modules\asset\asset.service.js.map
C:\Users\USER\Source\Repos\appointmentor\Appointed.Web\app\modules\asset\assetservice.js
C:\Users\USER\Source\Repos\appointmentor\Appointed.Web\app\modules\asset\assetservice.js.map
C:\Users\USER\Source\Repos\appointmentor\Appointed.Web\app\modules\asset\asset.js
C:\Users\USER\Source\Repos\appointmentor\Appointed.Web\app\modules\asset\asset.js.map
C:\Users\USER\Source\Repos\appointmentor\Appointed.Web\app\modules\asset\asset.component.js
C:\Users\USER\Source\Repos\appointmentor\Appointed.Web\app\modules\asset\asset.component.js.map
C:\Users\USER\Source\Repos\appointmentor\Appointed.Web\app\modules\profile\profile.service.js
C:\Users\USER\Source\Repos\appointmentor\Appointed.Web\app\modules\profile\profile.service.js.map
C:\Users\USER\Source\Repos\appointmentor\Appointed.Web\app\modules\profile\profile.js
C:\Users\USER\Source\Repos\appointmentor\Appointed.Web\app\modules\profile\profile.js.map
C:\Users\USER\Source\Repos\appointmentor\Appointed.Web\app\modules\profile\profile.component.js
C:\Users\USER\Source\Repos\appointmentor\Appointed.Web\app\modules\profile\profile.component.js.map
C:\Users\USER\Source\Repos\appointmentor\Appointed.Web\app\modules\setting\general\general.service.js
C:\Users\USER\Source\Repos\appointmentor\Appointed.Web\app\modules\setting\general\general.service.js.map
C:\Users\USER\Source\Repos\appointmentor\Appointed.Web\app\modules\setting\general\general.component.js
C:\Users\USER\Source\Repos\appointmentor\Appointed.Web\app\modules\setting\general\general.component.js.map
C:\Users\USER\Source\Repos\appointmentor\Appointed.Web\app\modules\setting\customer\customersetting.service.js
C:\Users\USER\Source\Repos\appointmentor\Appointed.Web\app\modules\setting\customer\customersetting.service.js.map
C:\Users\USER\Source\Repos\appointmentor\Appointed.Web\app\modules\setting\customer\customsetting.js
C:\Users\USER\Source\Repos\appointmentor\Appointed.Web\app\modules\setting\customer\customsetting.js.map
C:\Users\USER\Source\Repos\appointmentor\Appointed.Web\app\modules\setting\customer\customersetting.component.js
C:\Users\USER\Source\Repos\appointmentor\Appointed.Web\app\modules\setting\customer\customersetting.component.js.map
C:\Users\USER\Source\Repos\appointmentor\Appointed.Web\app\modules\setting\customer\customersettingdetail.component.js
C:\Users\USER\Source\Repos\appointmentor\Appointed.Web\app\modules\setting\customer\customersettingdetail.component.js.map
C:\Users\USER\Source\Repos\appointmentor\Appointed.Web\app\modules\setting\user\usersetting.service.js
C:\Users\USER\Source\Repos\appointmentor\Appointed.Web\app\modules\setting\user\usersetting.service.js.map
C:\Users\USER\Source\Repos\appointmentor\Appointed.Web\app\modules\setting\user\organizationuser.js
C:\Users\USER\Source\Repos\appointmentor\Appointed.Web\app\modules\setting\user\organizationuser.js.map
C:\Users\USER\Source\Repos\appointmentor\Appointed.Web\app\modules\setting\user\usersetting.component.js
C:\Users\USER\Source\Repos\appointmentor\Appointed.Web\app\modules\setting\user\usersetting.component.js.map
C:\Users\USER\Source\Repos\appointmentor\Appointed.Web\app\modules\setting\user\usersettingdetail.component.js
C:\Users\USER\Source\Repos\appointmentor\Appointed.Web\app\modules\setting\user\usersettingdetail.component.js.map
C:\Users\USER\Source\Repos\appointmentor\Appointed.Web\app\modules\setting\email\emailsetting.service.js
C:\Users\USER\Source\Repos\appointmentor\Appointed.Web\app\modules\setting\email\emailsetting.service.js.map
C:\Users\USER\Source\Repos\appointmentor\Appointed.Web\app\modules\setting\email\emailsetting.js
C:\Users\USER\Source\Repos\appointmentor\Appointed.Web\app\modules\setting\email\emailsetting.js.map
C:\Users\USER\Source\Repos\appointmentor\Appointed.Web\app\modules\setting\email\emailsetting.component.js
C:\Users\USER\Source\Repos\appointmentor\Appointed.Web\app\modules\setting\email\emailsetting.component.js.map
C:\Users\USER\Source\Repos\appointmentor\Appointed.Web\app\modules\setting\email\emailsettingdetail.component.js
C:\Users\USER\Source\Repos\appointmentor\Appointed.Web\app\modules\setting\email\emailsettingdetail.component.js.map
C:\Users\USER\Source\Repos\appointmentor\Appointed.Web\app\modules\customer\customerdetail.component.js
C:\Users\USER\Source\Repos\appointmentor\Appointed.Web\app\modules\customer\customerdetail.component.js.map
C:\Users\USER\Source\Repos\appointmentor\Appointed.Web\app\modules\setting\sms\smssetting.service.js
C:\Users\USER\Source\Repos\appointmentor\Appointed.Web\app\modules\setting\sms\smssetting.service.js.map
C:\Users\USER\Source\Repos\appointmentor\Appointed.Web\app\modules\setting\sms\smssetting.js
C:\Users\USER\Source\Repos\appointmentor\Appointed.Web\app\modules\setting\sms\smssetting.js.map
C:\Users\USER\Source\Repos\appointmentor\Appointed.Web\app\modules\setting\sms\smssetting.component.js
C:\Users\USER\Source\Repos\appointmentor\Appointed.Web\app\modules\setting\sms\smssetting.component.js.map
C:\Users\USER\Source\Repos\appointmentor\Appointed.Web\app\modules\setting\bookingquestion\bookingquestion.service.js
C:\Users\USER\Source\Repos\appointmentor\Appointed.Web\app\modules\setting\bookingquestion\bookingquestion.service.js.map
C:\Users\USER\Source\Repos\appointmentor\Appointed.Web\app\modules\setting\bookingquestion\bookingquestion.js
C:\Users\USER\Source\Repos\appointmentor\Appointed.Web\app\modules\setting\bookingquestion\bookingquestion.js.map
C:\Users\USER\Source\Repos\appointmentor\Appointed.Web\app\modules\setting\bookingquestion\questionservice.js
C:\Users\USER\Source\Repos\appointmentor\Appointed.Web\app\modules\setting\bookingquestion\questionservice.js.map
C:\Users\USER\Source\Repos\appointmentor\Appointed.Web\app\modules\setting\bookingquestion\bookingquestion.component.js
C:\Users\USER\Source\Repos\appointmentor\Appointed.Web\app\modules\setting\bookingquestion\bookingquestion.component.js.map
C:\Users\USER\Source\Repos\appointmentor\Appointed.Web\app\modules\setting\bookingquestion\bookingquestiondetail.component.js
C:\Users\USER\Source\Repos\appointmentor\Appointed.Web\app\modules\setting\bookingquestion\bookingquestiondetail.component.js.map
C:\Users\USER\Source\Repos\appointmentor\Appointed.Web\app\modules\setting\onlinebooking\onlinebooking.service.js
C:\Users\USER\Source\Repos\appointmentor\Appointed.Web\app\modules\setting\onlinebooking\onlinebooking.service.js.map
C:\Users\USER\Source\Repos\appointmentor\Appointed.Web\app\modules\setting\onlinebooking\onlinebooking.js
C:\Users\USER\Source\Repos\appointmentor\Appointed.Web\app\modules\setting\onlinebooking\onlinebooking.js.map
C:\Users\USER\Source\Repos\appointmentor\Appointed.Web\app\modules\setting\onlinebooking\onlinebooking.component.js
C:\Users\USER\Source\Repos\appointmentor\Appointed.Web\app\modules\setting\onlinebooking\onlinebooking.component.js.map
C:\Users\USER\Source\Repos\appointmentor\Appointed.Web\app\app.routing.js
C:\Users\USER\Source\Repos\appointmentor\Appointed.Web\app\app.routing.js.map
C:\Users\USER\Source\Repos\appointmentor\Appointed.Web\app\nav\nav.component.js
C:\Users\USER\Source\Repos\appointmentor\Appointed.Web\app\nav\nav.component.js.map
C:\Users\USER\Source\Repos\appointmentor\Appointed.Web\app\shared\modal\modal.component.js
C:\Users\USER\Source\Repos\appointmentor\Appointed.Web\app\shared\modal\modal.component.js.map
C:\Users\USER\Source\Repos\appointmentor\Appointed.Web\app\shared\lookup\lookup.component.js
C:\Users\USER\Source\Repos\appointmentor\Appointed.Web\app\shared\lookup\lookup.component.js.map
C:\Users\USER\Source\Repos\appointmentor\Appointed.Web\app\app.module.js
C:\Users\USER\Source\Repos\appointmentor\Appointed.Web\app\app.module.js.map
C:\Users\USER\Source\Repos\appointmentor\Appointed.Web\app\main.js
C:\Users\USER\Source\Repos\appointmentor\Appointed.Web\app\main.js.map
C:\Users\USER\Source\Repos\appointmentor\Appointed.Web\app\modules\customer\CustomerTag.js
C:\Users\USER\Source\Repos\appointmentor\Appointed.Web\app\modules\customer\CustomerTag.js.map
C:\Users\USER\Source\Repos\appointmentor\Appointed.Web\app\environments\environment.prod.js
C:\Users\USER\Source\Repos\appointmentor\Appointed.Web\app\environments\environment.prod.js.map
